#
# There is insufficient memory for the Java Runtime Environment to continue.
# Native memory allocation (malloc) failed to allocate 188256 bytes for Chunk::new
# Possible reasons:
#   The system is out of physical RAM or swap space
#   The process is running with CompressedOops enabled, and the Java Heap may be blocking the growth of the native heap
# Possible solutions:
#   Reduce memory load on the system
#   Increase physical memory or swap space
#   Check if swap backing store is full
#   Decrease Java heap size (-Xmx/-Xms)
#   Decrease number of Java threads
#   Decrease Java thread stack sizes (-Xss)
#   Set larger code cache with -XX:ReservedCodeCacheSize=
#   JVM is running with Zero Based Compressed Oops mode in which the Java heap is
#     placed in the first 32GB address space. The Java Heap base address is the
#     maximum limit for the native heap growth. Please use -XX:HeapBaseMinAddress
#     to set the Java Heap base and to place the Java Heap above 32GB virtual address.
# This output file may be truncated or incomplete.
#
#  Out of Memory Error (allocation.cpp:389), pid=17468, tid=0x000000000000059c
#
# JRE version: Java(TM) SE Runtime Environment (8.0_211-b12) (build 1.8.0_211-b12)
# Java VM: Java HotSpot(TM) 64-Bit Server VM (25.211-b12 mixed mode windows-amd64 compressed oops)
# Failed to write core dump. Minidumps are not enabled by default on client versions of Windows
#

---------------  T H R E A D  ---------------

Current thread (0x000000001c047800):  JavaThread "C2 CompilerThread0" daemon [_thread_in_native, id=1436, stack(0x000000001dcc0000,0x000000001ddc0000)]

Stack: [0x000000001dcc0000,0x000000001ddc0000]
[error occurred during error reporting (printing stack bounds), id 0xc0000005]

Native frames: (J=compiled Java code, j=interpreted, Vv=VM code, C=native code)


Current CompileTask:
C2:   1300  482 %     4       sun.security.provider.SHA::implCompress @ 12 (491 bytes)


---------------  P R O C E S S  ---------------

Java Threads: ( => current thread )
  0x000000001e72f000 JavaThread "Thread-2" daemon [_thread_blocked, id=21264, stack(0x000000001fd00000,0x000000001fe00000)]
  0x000000001e818000 JavaThread "Image Fetcher 1" daemon [_thread_in_vm, id=18136, stack(0x000000001fc00000,0x000000001fd00000)]
  0x000000001e7b4800 JavaThread "Image Fetcher 0" daemon [_thread_blocked, id=4560, stack(0x000000001fb00000,0x000000001fc00000)]
  0x000000001e697000 JavaThread "AWT-Windows" daemon [_thread_in_native, id=4684, stack(0x000000001f100000,0x000000001f200000)]
  0x000000001e696000 JavaThread "AWT-Shutdown" [_thread_blocked, id=252, stack(0x000000001f000000,0x000000001f100000)]
  0x000000001e695800 JavaThread "Java2D Disposer" daemon [_thread_blocked, id=18160, stack(0x000000001ef00000,0x000000001f000000)]
  0x000000001c05e800 JavaThread "Service Thread" daemon [_thread_blocked, id=17052, stack(0x000000001e3c0000,0x000000001e4c0000)]
  0x000000001c04c000 JavaThread "C1 CompilerThread2" daemon [_thread_blocked, id=18388, stack(0x000000001dec0000,0x000000001dfc0000)]
  0x000000001c04b000 JavaThread "C2 CompilerThread1" daemon [_thread_in_native, id=19048, stack(0x000000001ddc0000,0x000000001dec0000)]
=>0x000000001c047800 JavaThread "C2 CompilerThread0" daemon [_thread_in_native, id=1436, stack(0x000000001dcc0000,0x000000001ddc0000)]
  0x000000001c042000 JavaThread "Attach Listener" daemon [_thread_blocked, id=9992, stack(0x000000001dbc0000,0x000000001dcc0000)]
  0x000000001c040000 JavaThread "Signal Dispatcher" daemon [_thread_blocked, id=12196, stack(0x000000001dac0000,0x000000001dbc0000)]
  0x000000001c032000 JavaThread "Finalizer" daemon [_thread_blocked, id=8168, stack(0x000000001d8d0000,0x000000001d9d0000)]
  0x000000001c00b000 JavaThread "Reference Handler" daemon [_thread_blocked, id=9380, stack(0x000000001d7d0000,0x000000001d8d0000)]
  0x00000000027de000 JavaThread "main" [_thread_blocked, id=7088, stack(0x00000000024c0000,0x00000000025c0000)]

Other Threads:
  0x000000001c007800 VMThread [stack: 0x000000001d6d0000,0x000000001d7d0000] [id=11916]
  0x000000001e04e000 WatcherThread [stack: 0x000000001e4c0000,0x000000001e5c0000] [id=16960]

VM state:not at safepoint (normal execution)

VM Mutex/Monitor currently owned by a thread: None

heap address: 0x00000006c1200000, size: 4078 MB, Compressed Oops mode: Zero based, Oop shift amount: 3
Narrow klass base: 0x0000000000000000, Narrow klass shift: 3
Compressed class space size: 1073741824 Address: 0x00000007c0000000

Heap:
 PSYoungGen      total 76288K, used 19666K [0x000000076b100000, 0x0000000770600000, 0x00000007c0000000)
  eden space 65536K, 30% used [0x000000076b100000,0x000000076c434808,0x000000076f100000)
  from space 10752K, 0% used [0x000000076fb80000,0x000000076fb80000,0x0000000770600000)
  to   space 10752K, 0% used [0x000000076f100000,0x000000076f100000,0x000000076fb80000)
 ParOldGen       total 175104K, used 0K [0x00000006c1200000, 0x00000006cbd00000, 0x000000076b100000)
  object space 175104K, 0% used [0x00000006c1200000,0x00000006c1200000,0x00000006cbd00000)
 Metaspace       used 9898K, capacity 10145K, committed 10240K, reserved 1058816K
  class space    used 1103K, capacity 1187K, committed 1280K, reserved 1048576K

Card table byte_map: [0x0000000011ba0000,0x00000000123a0000] byte_map_base: 0x000000000e597000

Marking Bits: (ParMarkBitMap*) 0x0000000059a75ce0
 Begin Bits: [0x0000000012ef0000, 0x0000000016ea8000)
 End Bits:   [0x0000000016ea8000, 0x000000001ae60000)

Polling page: 0x0000000000740000

CodeCache: size=245760Kb used=2445Kb max_used=2452Kb free=243314Kb
 bounds [0x00000000027e0000, 0x0000000002a50000, 0x00000000117e0000]
 total_blobs=982 nmethods=507 adapters=388
 compilation: enabled

Compilation events (10 events):
Event: 1.298 Thread 0x000000001c04b000 nmethod 490 0x0000000002a3e790 code [0x0000000002a3e8e0, 0x0000000002a3ea18]
Event: 1.298 Thread 0x000000001c04b000  494       4       java.math.BigInteger::destructiveMulAdd (150 bytes)
Event: 1.299 Thread 0x000000001c04c000 nmethod 495 0x0000000002a3eb50 code [0x0000000002a3ef20, 0x0000000002a40cf8]
Event: 1.299 Thread 0x000000001c04c000  497       3       java.math.BigInteger::trustedStripLeadingZeroInts (37 bytes)
Event: 1.299 Thread 0x000000001c04c000 nmethod 497 0x0000000002a3e290 code [0x0000000002a3e400, 0x0000000002a3e6a8]
Event: 1.299 Thread 0x000000001c04c000  498       3       sun.security.ec.CurveDB::bi (11 bytes)
Event: 1.299 Thread 0x000000001c04c000 nmethod 498 0x0000000002a3de90 code [0x0000000002a3e000, 0x0000000002a3e1c8]
Event: 1.299 Thread 0x000000001c04c000  500       1       java.math.BigInteger::signum (5 bytes)
Event: 1.299 Thread 0x000000001c04c000 nmethod 500 0x0000000002a3dbd0 code [0x0000000002a3dd20, 0x0000000002a3de30]
Event: 1.299 Thread 0x000000001c04c000  501       3       java.util.regex.Matcher::search (109 bytes)

GC Heap History (0 events):
No events

Deoptimization events (2 events):
Event: 1.249 Thread 0x000000001e818000 Uncommon trap: reason=unstable_if action=reinterpret pc=0x000000000297761c method=java.lang.String.indexOf([CII[CIII)I @ 3
Event: 1.289 Thread 0x000000001e818000 Uncommon trap: reason=unstable_if action=reinterpret pc=0x000000000297f35c method=java.lang.String.startsWith(Ljava/lang/String;I)Z @ 25

Classes redefined (0 events):
No events

Internal exceptions (10 events):
Event: 0.262 Thread 0x00000000027de000 Exception <a 'java/security/PrivilegedActionException'> (0x000000076b441cd0) thrown at [C:\re\workspace\8-2-build-windows-amd64-cygwin\jdk8u211\12973\hotspot\src\share\vm\prims\jvm.cpp, line 1502]
Event: 0.262 Thread 0x00000000027de000 Exception <a 'java/security/PrivilegedActionException'> (0x000000076b441ee0) thrown at [C:\re\workspace\8-2-build-windows-amd64-cygwin\jdk8u211\12973\hotspot\src\share\vm\prims\jvm.cpp, line 1502]
Event: 0.262 Thread 0x00000000027de000 Exception <a 'java/security/PrivilegedActionException'> (0x000000076b445b50) thrown at [C:\re\workspace\8-2-build-windows-amd64-cygwin\jdk8u211\12973\hotspot\src\share\vm\prims\jvm.cpp, line 1502]
Event: 0.262 Thread 0x00000000027de000 Exception <a 'java/security/PrivilegedActionException'> (0x000000076b445d60) thrown at [C:\re\workspace\8-2-build-windows-amd64-cygwin\jdk8u211\12973\hotspot\src\share\vm\prims\jvm.cpp, line 1502]
Event: 0.274 Thread 0x00000000027de000 Exception <a 'java/io/FileNotFoundException'> (0x000000076b447dd0) thrown at [C:\re\workspace\8-2-build-windows-amd64-cygwin\jdk8u211\12973\hotspot\src\share\vm\prims\jni.cpp, line 710]
Event: 0.295 Thread 0x00000000027de000 Exception <a 'java/lang/NoSuchFieldError': method resolution failed> (0x000000076b5188f0) thrown at [C:\re\workspace\8-2-build-windows-amd64-cygwin\jdk8u211\12973\hotspot\src\share\vm\prims\methodHandles.cpp, line 1167]
Event: 0.296 Thread 0x00000000027de000 Exception <a 'java/lang/NoSuchFieldError': method resolution failed> (0x000000076b525cc0) thrown at [C:\re\workspace\8-2-build-windows-amd64-cygwin\jdk8u211\12973\hotspot\src\share\vm\prims\methodHandles.cpp, line 1167]
Event: 0.343 Thread 0x00000000027de000 Exception <a 'java/io/FileNotFoundException'> (0x000000076b5c3cd8) thrown at [C:\re\workspace\8-2-build-windows-amd64-cygwin\jdk8u211\12973\hotspot\src\share\vm\prims\jni.cpp, line 710]
Event: 0.665 Thread 0x000000001e818000 Exception <a 'java/io/FileNotFoundException'> (0x000000076bf2e968) thrown at [C:\re\workspace\8-2-build-windows-amd64-cygwin\jdk8u211\12973\hotspot\src\share\vm\prims\jni.cpp, line 710]
Event: 0.666 Thread 0x000000001e7b4800 Exception <a 'java/io/FileNotFoundException'> (0x000000076bee35b0) thrown at [C:\re\workspace\8-2-build-windows-amd64-cygwin\jdk8u211\12973\hotspot\src\share\vm\prims\jni.cpp, line 710]

Events (10 events):
Event: 1.295 loading class java/security/spec/ECParameterSpec
Event: 1.295 loading class java/security/spec/AlgorithmParameterSpec
Event: 1.295 loading class java/security/spec/AlgorithmParameterSpec done
Event: 1.295 loading class java/security/spec/ECParameterSpec done
Event: 1.297 loading class java/security/spec/ECFieldF2m
Event: 1.297 loading class java/security/spec/ECFieldF2m done
Event: 1.299 loading class java/util/LinkedHashMap$LinkedValues
Event: 1.299 loading class java/util/LinkedHashMap$LinkedValues done
Event: 1.299 loading class java/util/LinkedHashMap$LinkedValueIterator
Event: 1.299 loading class java/util/LinkedHashMap$LinkedValueIterator done


Dynamic libraries:
0x00007ff7ad440000 - 0x00007ff7ad477000 	C:\Program Files\Java\jre1.8.0_211\bin\javaw.exe
0x00007ffe73d40000 - 0x00007ffe73f21000 	C:\WINDOWS\SYSTEM32\ntdll.dll
0x00007ffe73c50000 - 0x00007ffe73d01000 	C:\WINDOWS\System32\KERNEL32.DLL
0x00007ffe70500000 - 0x00007ffe70773000 	C:\WINDOWS\System32\KERNELBASE.dll
0x00007ffe730c0000 - 0x00007ffe73161000 	C:\WINDOWS\System32\ADVAPI32.dll
0x00007ffe73740000 - 0x00007ffe737de000 	C:\WINDOWS\System32\msvcrt.dll
0x00007ffe738b0000 - 0x00007ffe7390b000 	C:\WINDOWS\System32\sechost.dll
0x00007ffe71780000 - 0x00007ffe718a4000 	C:\WINDOWS\System32\RPCRT4.dll
0x00007ffe72d90000 - 0x00007ffe72f20000 	C:\WINDOWS\System32\USER32.dll
0x00007ffe70780000 - 0x00007ffe707a0000 	C:\WINDOWS\System32\win32u.dll
0x00007ffe73500000 - 0x00007ffe73528000 	C:\WINDOWS\System32\GDI32.dll
0x00007ffe70200000 - 0x00007ffe70391000 	C:\WINDOWS\System32\gdi32full.dll
0x00007ffe70160000 - 0x00007ffe701ff000 	C:\WINDOWS\System32\msvcp_win.dll
0x00007ffe70400000 - 0x00007ffe704f8000 	C:\WINDOWS\System32\ucrtbase.dll
0x00007ffe66590000 - 0x00007ffe667f9000 	C:\WINDOWS\WinSxS\amd64_microsoft.windows.common-controls_6595b64144ccf1df_6.0.17134.885_none_fb42a3473065565f\COMCTL32.dll
0x00007ffe73920000 - 0x00007ffe73c42000 	C:\WINDOWS\System32\combase.dll
0x00007ffe70850000 - 0x00007ffe708c9000 	C:\WINDOWS\System32\bcryptPrimitives.dll
0x00007ffe732e0000 - 0x00007ffe7330d000 	C:\WINDOWS\System32\IMM32.DLL
0x0000000059b00000 - 0x0000000059bd2000 	C:\Program Files\Java\jre1.8.0_211\bin\msvcr100.dll
0x0000000059250000 - 0x0000000059af5000 	C:\Program Files\Java\jre1.8.0_211\bin\server\jvm.dll
0x00007ffe73730000 - 0x00007ffe73738000 	C:\WINDOWS\System32\PSAPI.DLL
0x00007ffe49b00000 - 0x00007ffe49b09000 	C:\WINDOWS\SYSTEM32\WSOCK32.dll
0x00007ffe6e110000 - 0x00007ffe6e133000 	C:\WINDOWS\SYSTEM32\WINMM.dll
0x00007ffe6b7b0000 - 0x00007ffe6b7ba000 	C:\WINDOWS\SYSTEM32\VERSION.dll
0x00007ffe73490000 - 0x00007ffe734fc000 	C:\WINDOWS\System32\WS2_32.dll
0x00007ffe6e0e0000 - 0x00007ffe6e10a000 	C:\WINDOWS\SYSTEM32\winmmbase.dll
0x00007ffe70110000 - 0x00007ffe70159000 	C:\WINDOWS\System32\cfgmgr32.dll
0x00007ffe6cc60000 - 0x00007ffe6cc6f000 	C:\Program Files\Java\jre1.8.0_211\bin\verify.dll
0x00007ffe57c40000 - 0x00007ffe57c69000 	C:\Program Files\Java\jre1.8.0_211\bin\java.dll
0x00007ffe58020000 - 0x00007ffe58036000 	C:\Program Files\Java\jre1.8.0_211\bin\zip.dll
0x00007ffe718b0000 - 0x00007ffe72cf0000 	C:\WINDOWS\System32\SHELL32.dll
0x00007ffe73310000 - 0x00007ffe733b9000 	C:\WINDOWS\System32\shcore.dll
0x00007ffe708d0000 - 0x00007ffe70fdd000 	C:\WINDOWS\System32\windows.storage.dll
0x00007ffe733d0000 - 0x00007ffe73421000 	C:\WINDOWS\System32\shlwapi.dll
0x00007ffe700d0000 - 0x00007ffe700e1000 	C:\WINDOWS\System32\kernel.appcore.dll
0x00007ffe70050000 - 0x00007ffe7006f000 	C:\WINDOWS\System32\profapi.dll
0x00007ffe70070000 - 0x00007ffe700bc000 	C:\WINDOWS\System32\powrprof.dll
0x00007ffe700c0000 - 0x00007ffe700ca000 	C:\WINDOWS\System32\FLTLIB.DLL
0x00007ffe1f6a0000 - 0x00007ffe1f839000 	C:\Program Files\Java\jre1.8.0_211\bin\awt.dll
0x00007ffe737e0000 - 0x00007ffe738a2000 	C:\WINDOWS\System32\OLEAUT32.dll
0x00007ffe6e330000 - 0x00007ffe6e3bb000 	C:\WINDOWS\SYSTEM32\apphelp.dll
0x00007ffe6e730000 - 0x00007ffe6e759000 	C:\WINDOWS\system32\DWMAPI.DLL
0x00007ffe6e4e0000 - 0x00007ffe6e578000 	C:\WINDOWS\system32\uxtheme.dll
0x00007ffe56ae0000 - 0x00007ffe56c00000 	C:\WINDOWS\system32\opengl32.dll
0x00007ffe57450000 - 0x00007ffe5747c000 	C:\WINDOWS\SYSTEM32\GLU32.dll
0x00007ffe73530000 - 0x00007ffe736a3000 	C:\WINDOWS\System32\MSCTF.dll
0x00007ffe711d0000 - 0x00007ffe71321000 	C:\WINDOWS\System32\ole32.dll
0x00007ffe6a290000 - 0x00007ffe6a427000 	C:\WINDOWS\system32\d3d9.dll
0x00007ffe699c0000 - 0x00007ffe69aab000 	C:\WINDOWS\System32\DriverStore\FileRepository\nv_dispi.inf_amd64_c1a085cc86772d3f\nvldumdx.dll
0x00007ffe70fe0000 - 0x00007ffe711c2000 	C:\WINDOWS\System32\crypt32.dll
0x00007ffe700f0000 - 0x00007ffe70102000 	C:\WINDOWS\System32\MSASN1.dll
0x00007ffe703a0000 - 0x00007ffe703f7000 	C:\WINDOWS\System32\WINTRUST.DLL
0x00007ffe73260000 - 0x00007ffe7327d000 	C:\WINDOWS\System32\imagehlp.dll
0x00007ffe6fa90000 - 0x00007ffe6faa7000 	C:\WINDOWS\SYSTEM32\CRYPTSP.dll
0x00007ffe6f4c0000 - 0x00007ffe6f4f3000 	C:\WINDOWS\system32\rsaenh.dll
0x00007ffe6fbb0000 - 0x00007ffe6fbd5000 	C:\WINDOWS\SYSTEM32\bcrypt.dll
0x00007ffe6fa80000 - 0x00007ffe6fa8b000 	C:\WINDOWS\SYSTEM32\CRYPTBASE.dll
0x00007ffe287b0000 - 0x00007ffe299bd000 	C:\WINDOWS\System32\DriverStore\FileRepository\nv_dispi.inf_amd64_c1a085cc86772d3f\nvd3dumx.dll
0x00007ffe57430000 - 0x00007ffe5744a000 	C:\Program Files\Java\jre1.8.0_211\bin\net.dll
0x00007ffe61b10000 - 0x00007ffe61cd9000 	C:\WINDOWS\SYSTEM32\urlmon.dll
0x00007ffe63880000 - 0x00007ffe63b26000 	C:\WINDOWS\SYSTEM32\iertutil.dll
0x00007ffe6f8d0000 - 0x00007ffe6f936000 	C:\WINDOWS\system32\mswsock.dll
0x00007ffe508e0000 - 0x00007ffe508f6000 	C:\WINDOWS\system32\napinsp.dll
0x00007ffe508c0000 - 0x00007ffe508da000 	C:\WINDOWS\system32\pnrpnsp.dll
0x00007ffe6cac0000 - 0x00007ffe6cad9000 	C:\WINDOWS\system32\NLAapi.dll
0x00007ffe6f6a0000 - 0x00007ffe6f75e000 	C:\WINDOWS\SYSTEM32\DNSAPI.dll
0x00007ffe73910000 - 0x00007ffe73918000 	C:\WINDOWS\System32\NSI.dll
0x00007ffe6f660000 - 0x00007ffe6f698000 	C:\WINDOWS\SYSTEM32\IPHLPAPI.DLL
0x00007ffe5eaf0000 - 0x00007ffe5eafe000 	C:\WINDOWS\System32\winrnr.dll
0x00007ffe65dc0000 - 0x00007ffe65dca000 	C:\Windows\System32\rasadhlp.dll
0x00007ffe66130000 - 0x00007ffe661a2000 	C:\WINDOWS\System32\fwpuclnt.dll
0x00007ffe559d0000 - 0x00007ffe559f4000 	C:\Program Files\Java\jre1.8.0_211\bin\sunec.dll

VM Arguments:
jvm_args: -Dfile.encoding=Cp1252 
java_command: com.client.Client
java_class_path (initial): C:\Users\Noah\Desktop\ascendrsps-ascend-client-f03813ca50e5\out\production\ascend client;C:\Users\Noah\Desktop\ascendrsps-ascend-client-f03813ca50e5\lib\xstream-1.3.1.jar;C:\Users\Noah\Desktop\ascendrsps-ascend-client-f03813ca50e5\lib\xpp3-1.1.3.4.C.jar
Launcher Type: SUN_STANDARD

Environment Variables:
PATH=C:/Program Files/Java/jre1.8.0_211/bin/server;C:/Program Files/Java/jre1.8.0_211/bin;C:/Program Files/Java/jre1.8.0_211/lib/amd64;C:\Program Files (x86)\Razer Chroma SDK\bin;C:\Program Files\Razer Chroma SDK\bin;C:\Program Files (x86)\Common Files\Oracle\Java\javapath;C:\Program Files (x86)\Intel\Intel(R) Management Engine Components\iCLS\;C:\Program Files\Intel\Intel(R) Management Engine Components\iCLS\;C:\Windows\system32;C:\Windows;C:\Windows\System32\Wbem;C:\Windows\System32\WindowsPowerShell\v1.0\;C:\Program Files (x86)\Intel\Intel(R) Management Engine Components\DAL;C:\Program Files\Intel\Intel(R) Management Engine Components\DAL;C:\Program Files (x86)\Intel\Intel(R) Management Engine Components\IPT;C:\Program Files\Intel\Intel(R) Management Engine Components\IPT;C:\Program Files (x86)\NVIDIA Corporation\PhysX\Common;C:\WINDOWS\system32;C:\WINDOWS;C:\WINDOWS\System32\Wbem;C:\WINDOWS\System32\WindowsPowerShell\v1.0\;C:\WINDOWS\System32\OpenSSH\;C:\WINDOWS\system32\config\systemprofile\AppData\Local\Microsoft\WindowsApps;C:\Users\Noah\AppData\Local\Microsoft\WindowsApps;;D:\Downloads;
USERNAME=Noah
OS=Windows_NT
PROCESSOR_IDENTIFIER=Intel64 Family 6 Model 158 Stepping 10, GenuineIntel



---------------  S Y S T E M  ---------------

OS: Windows 10.0 , 64 bit Build 17134 (10.0.17134.753)

CPU:total 6 (initial active 6) (6 cores per cpu, 1 threads per core) family 6 model 158 stepping 10, cmov, cx8, fxsr, mmx, sse, sse2, sse3, ssse3, sse4.1, sse4.2, popcnt, avx, avx2, aes, clmul, erms, rtm, 3dnowpref, lzcnt, tsc, tscinvbit, bmi1, bmi2, adx

Memory: 4k page, physical 16700076k(403052k free), swap 47146152k(2352k free)

vm_info: Java HotSpot(TM) 64-Bit Server VM (25.211-b12) for windows-amd64 JRE (1.8.0_211-b12), built on Apr  1 2019 20:53:26 by "java_re" with MS VC++ 10.0 (VS2010)

time: Wed Jul 17 21:20:11 2019
timezone: Pacific Daylight Time
elapsed time: 1 seconds (0d 0h 0m 1s)

