#
# There is insufficient memory for the Java Runtime Environment to continue.
# Native memory allocation (malloc) failed to allocate 73792 bytes for Chunk::new
# Possible reasons:
#   The system is out of physical RAM or swap space
#   The process is running with CompressedOops enabled, and the Java Heap may be blocking the growth of the native heap
# Possible solutions:
#   Reduce memory load on the system
#   Increase physical memory or swap space
#   Check if swap backing store is full
#   Decrease Java heap size (-Xmx/-Xms)
#   Decrease number of Java threads
#   Decrease Java thread stack sizes (-Xss)
#   Set larger code cache with -XX:ReservedCodeCacheSize=
#   JVM is running with Zero Based Compressed Oops mode in which the Java heap is
#     placed in the first 32GB address space. The Java Heap base address is the
#     maximum limit for the native heap growth. Please use -XX:HeapBaseMinAddress
#     to set the Java Heap base and to place the Java Heap above 32GB virtual address.
# This output file may be truncated or incomplete.
#
#  Out of Memory Error (allocation.cpp:389), pid=18768, tid=0x0000000000003e9c
#
# JRE version: Java(TM) SE Runtime Environment (8.0_211-b12) (build 1.8.0_211-b12)
# Java VM: Java HotSpot(TM) 64-Bit Server VM (25.211-b12 mixed mode windows-amd64 compressed oops)
# Failed to write core dump. Minidumps are not enabled by default on client versions of Windows
#

---------------  T H R E A D  ---------------

Current thread (0x000000001c1d7800):  JavaThread "C2 CompilerThread0" daemon [_thread_in_native, id=16028, stack(0x000000001de40000,0x000000001df40000)]

Stack: [0x000000001de40000,0x000000001df40000]
[error occurred during error reporting (printing stack bounds), id 0xc0000005]

Native frames: (J=compiled Java code, j=interpreted, Vv=VM code, C=native code)


Current CompileTask:
C2:   8086 2455       4       sun.awt.image.PNGImageDecoder::handleChunk (1173 bytes)


---------------  P R O C E S S  ---------------

Java Threads: ( => current thread )
  0x000000001e830000 JavaThread "Thread-8" [_thread_blocked, id=15308, stack(0x000000002ecf0000,0x000000002edf0000)]
  0x000000001e833000 JavaThread "Thread-7" [_thread_blocked, id=10376, stack(0x000000002ebf0000,0x000000002ecf0000)]
  0x000000001e832000 JavaThread "Thread-6" [_thread_blocked, id=7036, stack(0x000000002bb60000,0x000000002bc60000)]
  0x000000001e82f000 JavaThread "DestroyJavaVM" [_thread_blocked, id=548, stack(0x0000000002710000,0x0000000002810000)]
  0x000000001eb78000 JavaThread "Thread-5" [_thread_blocked, id=9040, stack(0x000000002a890000,0x000000002a990000)]
  0x000000001eb76800 JavaThread "Thread-4" daemon [_thread_blocked, id=18944, stack(0x000000002a790000,0x000000002a890000)]
  0x000000001eb75800 JavaThread "D3D Screen Updater" daemon [_thread_blocked, id=12184, stack(0x0000000029e90000,0x0000000029f90000)]
  0x000000001eb69000 JavaThread "AWT-EventQueue-0" [_thread_blocked, id=13040, stack(0x0000000029d90000,0x0000000029e90000)]
  0x000000001eb5c800 JavaThread "AWT-Shutdown" [_thread_blocked, id=6580, stack(0x0000000029c90000,0x0000000029d90000)]
  0x000000001e9b2000 JavaThread "Image Fetcher 3" daemon [_thread_blocked, id=18024, stack(0x00000000282e0000,0x00000000283e0000)]
  0x000000001e95b000 JavaThread "Image Fetcher 0" daemon [_thread_blocked, id=10940, stack(0x00000000281e0000,0x00000000282e0000)]
  0x000000001e890000 JavaThread "AWT-Windows" daemon [_thread_in_native, id=19896, stack(0x000000001f340000,0x000000001f440000)]
  0x000000001e83a000 JavaThread "Java2D Disposer" daemon [_thread_blocked, id=19344, stack(0x000000001f080000,0x000000001f180000)]
  0x000000001e1ab800 JavaThread "Service Thread" daemon [_thread_blocked, id=20228, stack(0x000000001e540000,0x000000001e640000)]
  0x000000001c1e3800 JavaThread "C1 CompilerThread2" daemon [_thread_blocked, id=19504, stack(0x000000001e040000,0x000000001e140000)]
  0x000000001c1df000 JavaThread "C2 CompilerThread1" daemon [_thread_blocked, id=10144, stack(0x000000001df40000,0x000000001e040000)]
=>0x000000001c1d7800 JavaThread "C2 CompilerThread0" daemon [_thread_in_native, id=16028, stack(0x000000001de40000,0x000000001df40000)]
  0x000000001c1d2800 JavaThread "Attach Listener" daemon [_thread_blocked, id=17732, stack(0x000000001dd40000,0x000000001de40000)]
  0x000000001c1d0000 JavaThread "Signal Dispatcher" daemon [_thread_blocked, id=12552, stack(0x000000001dc40000,0x000000001dd40000)]
  0x000000001c1bc800 JavaThread "Finalizer" daemon [_thread_blocked, id=10572, stack(0x000000001da50000,0x000000001db50000)]
  0x0000000002964000 JavaThread "Reference Handler" daemon [_thread_blocked, id=4376, stack(0x000000001d950000,0x000000001da50000)]

Other Threads:
  0x000000001c197800 VMThread [stack: 0x000000001d850000,0x000000001d950000] [id=17668]
  0x000000001e1cd800 WatcherThread [stack: 0x000000001e640000,0x000000001e740000] [id=16388]

VM state:not at safepoint (normal execution)

VM Mutex/Monitor currently owned by a thread: None

heap address: 0x00000006c1200000, size: 4078 MB, Compressed Oops mode: Zero based, Oop shift amount: 3
Narrow klass base: 0x0000000000000000, Narrow klass shift: 3
Compressed class space size: 1073741824 Address: 0x00000007c0000000

Heap:
 PSYoungGen      total 511488K, used 184463K [0x000000076b100000, 0x0000000790400000, 0x00000007c0000000)
  eden space 433152K, 26% used [0x000000076b100000,0x0000000772206398,0x0000000785800000)
  from space 78336K, 87% used [0x000000078ad00000,0x000000078f01da10,0x000000078f980000)
  to   space 87040K, 0% used [0x0000000785800000,0x0000000785800000,0x000000078ad00000)
 ParOldGen       total 216576K, used 99391K [0x00000006c1200000, 0x00000006ce580000, 0x000000076b100000)
  object space 216576K, 45% used [0x00000006c1200000,0x00000006c730fe30,0x00000006ce580000)
 Metaspace       used 17748K, capacity 18033K, committed 18304K, reserved 1064960K
  class space    used 1966K, capacity 2076K, committed 2176K, reserved 1048576K

Card table byte_map: [0x0000000011d30000,0x0000000012530000] byte_map_base: 0x000000000e727000

Marking Bits: (ParMarkBitMap*) 0x0000000059a75ce0
 Begin Bits: [0x0000000013080000, 0x0000000017038000)
 End Bits:   [0x0000000017038000, 0x000000001aff0000)

Polling page: 0x0000000000910000

CodeCache: size=245760Kb used=8128Kb max_used=9811Kb free=237631Kb
 bounds [0x0000000002970000, 0x0000000003320000, 0x0000000011970000]
 total_blobs=2686 nmethods=2034 adapters=564
 compilation: enabled

Compilation events (10 events):
Event: 7.960 Thread 0x000000001c1e3800 nmethod 2450 0x0000000002d9d490 code [0x0000000002d9d6a0, 0x0000000002d9e1b8]
Event: 8.001 Thread 0x000000001c1e3800 2451       3       sun.java2d.pipe.RenderQueue::lock (4 bytes)
Event: 8.001 Thread 0x000000001c1e3800 nmethod 2451 0x0000000002d5a150 code [0x0000000002d5a2c0, 0x0000000002d5a628]
Event: 8.001 Thread 0x000000001c1e3800 2452       3       sun.awt.SunToolkit::awtLock (7 bytes)
Event: 8.001 Thread 0x000000001c1e3800 nmethod 2452 0x0000000002b930d0 code [0x0000000002b93240, 0x0000000002b93528]
Event: 8.001 Thread 0x000000001c1e3800 2453       3       sun.java2d.pipe.RenderQueue::unlock (4 bytes)
Event: 8.002 Thread 0x000000001c1e3800 nmethod 2453 0x000000000303b350 code [0x000000000303b4c0, 0x000000000303b828]
Event: 8.002 Thread 0x000000001c1e3800 2454       3       sun.awt.SunToolkit::awtUnlock (7 bytes)
Event: 8.002 Thread 0x000000001c1e3800 nmethod 2454 0x0000000002ba15d0 code [0x0000000002ba1740, 0x0000000002ba1a28]
Event: 8.075 Thread 0x000000001c1d7800 2455       4       sun.awt.image.PNGImageDecoder::handleChunk (1173 bytes)

GC Heap History (10 events):
Event: 3.315 GC heap before
{Heap before GC invocations=5 (full 0):
 PSYoungGen      total 141824K, used 141792K [0x000000076b100000, 0x0000000774600000, 0x00000007c0000000)
  eden space 131072K, 100% used [0x000000076b100000,0x0000000773100000,0x0000000773100000)
  from space 10752K, 99% used [0x0000000773b80000,0x00000007745f82d8,0x0000000774600000)
  to   space 10752K, 0% used [0x0000000773100000,0x0000000773100000,0x0000000773b80000)
 ParOldGen       total 175104K, used 62252K [0x00000006c1200000, 0x00000006cbd00000, 0x000000076b100000)
  object space 175104K, 35% used [0x00000006c1200000,0x00000006c4ecb368,0x00000006cbd00000)
 Metaspace       used 16691K, capacity 17021K, committed 17152K, reserved 1064960K
  class space    used 1897K, capacity 2014K, committed 2048K, reserved 1048576K
Event: 3.345 GC heap after
Heap after GC invocations=5 (full 0):
 PSYoungGen      total 141824K, used 10734K [0x000000076b100000, 0x0000000781a00000, 0x00000007c0000000)
  eden space 131072K, 0% used [0x000000076b100000,0x000000076b100000,0x0000000773100000)
  from space 10752K, 99% used [0x0000000773100000,0x0000000773b7ba28,0x0000000773b80000)
  to   space 53760K, 0% used [0x000000077e580000,0x000000077e580000,0x0000000781a00000)
 ParOldGen       total 175104K, used 107520K [0x00000006c1200000, 0x00000006cbd00000, 0x000000076b100000)
  object space 175104K, 61% used [0x00000006c1200000,0x00000006c7b00088,0x00000006cbd00000)
 Metaspace       used 16691K, capacity 17021K, committed 17152K, reserved 1064960K
  class space    used 1897K, capacity 2014K, committed 2048K, reserved 1048576K
}
Event: 3.732 GC heap before
{Heap before GC invocations=6 (full 0):
 PSYoungGen      total 141824K, used 141806K [0x000000076b100000, 0x0000000781a00000, 0x00000007c0000000)
  eden space 131072K, 100% used [0x000000076b100000,0x0000000773100000,0x0000000773100000)
  from space 10752K, 99% used [0x0000000773100000,0x0000000773b7ba28,0x0000000773b80000)
  to   space 53760K, 0% used [0x000000077e580000,0x000000077e580000,0x0000000781a00000)
 ParOldGen       total 175104K, used 107520K [0x00000006c1200000, 0x00000006cbd00000, 0x000000076b100000)
  object space 175104K, 61% used [0x00000006c1200000,0x00000006c7b00088,0x00000006cbd00000)
 Metaspace       used 16902K, capacity 17219K, committed 17408K, reserved 1064960K
  class space    used 1912K, capacity 2015K, committed 2048K, reserved 1048576K
Event: 3.770 GC heap after
Heap after GC invocations=6 (full 0):
 PSYoungGen      total 290304K, used 53736K [0x000000076b100000, 0x0000000784c00000, 0x00000007c0000000)
  eden space 236544K, 0% used [0x000000076b100000,0x000000076b100000,0x0000000779800000)
  from space 53760K, 99% used [0x000000077e580000,0x00000007819fa078,0x0000000781a00000)
  to   space 79360K, 0% used [0x0000000779800000,0x0000000779800000,0x000000077e580000)
 ParOldGen       total 175104K, used 137440K [0x00000006c1200000, 0x00000006cbd00000, 0x000000076b100000)
  object space 175104K, 78% used [0x00000006c1200000,0x00000006c9838088,0x00000006cbd00000)
 Metaspace       used 16902K, capacity 17219K, committed 17408K, reserved 1064960K
  class space    used 1912K, capacity 2015K, committed 2048K, reserved 1048576K
}
Event: 3.770 GC heap before
{Heap before GC invocations=7 (full 1):
 PSYoungGen      total 290304K, used 53736K [0x000000076b100000, 0x0000000784c00000, 0x00000007c0000000)
  eden space 236544K, 0% used [0x000000076b100000,0x000000076b100000,0x0000000779800000)
  from space 53760K, 99% used [0x000000077e580000,0x00000007819fa078,0x0000000781a00000)
  to   space 79360K, 0% used [0x0000000779800000,0x0000000779800000,0x000000077e580000)
 ParOldGen       total 175104K, used 137440K [0x00000006c1200000, 0x00000006cbd00000, 0x000000076b100000)
  object space 175104K, 78% used [0x00000006c1200000,0x00000006c9838088,0x00000006cbd00000)
 Metaspace       used 16902K, capacity 17219K, committed 17408K, reserved 1064960K
  class space    used 1912K, capacity 2015K, committed 2048K, reserved 1048576K
Event: 3.795 GC heap after
Heap after GC invocations=7 (full 1):
 PSYoungGen      total 290304K, used 0K [0x000000076b100000, 0x0000000784c00000, 0x00000007c0000000)
  eden space 236544K, 0% used [0x000000076b100000,0x000000076b100000,0x0000000779800000)
  from space 53760K, 0% used [0x000000077e580000,0x000000077e580000,0x0000000781a00000)
  to   space 79360K, 0% used [0x0000000779800000,0x0000000779800000,0x000000077e580000)
 ParOldGen       total 216576K, used 99375K [0x00000006c1200000, 0x00000006ce580000, 0x000000076b100000)
  object space 216576K, 45% used [0x00000006c1200000,0x00000006c730be30,0x00000006ce580000)
 Metaspace       used 16889K, capacity 17201K, committed 17408K, reserved 1064960K
  class space    used 1911K, capacity 2012K, committed 2048K, reserved 1048576K
}
Event: 4.846 GC heap before
{Heap before GC invocations=8 (full 1):
 PSYoungGen      total 290304K, used 236544K [0x000000076b100000, 0x0000000784c00000, 0x00000007c0000000)
  eden space 236544K, 100% used [0x000000076b100000,0x0000000779800000,0x0000000779800000)
  from space 53760K, 0% used [0x000000077e580000,0x000000077e580000,0x0000000781a00000)
  to   space 79360K, 0% used [0x0000000779800000,0x0000000779800000,0x000000077e580000)
 ParOldGen       total 216576K, used 99375K [0x00000006c1200000, 0x00000006ce580000, 0x000000076b100000)
  object space 216576K, 45% used [0x00000006c1200000,0x00000006c730be30,0x00000006ce580000)
 Metaspace       used 17312K, capacity 17649K, committed 17920K, reserved 1064960K
  class space    used 1933K, capacity 2012K, committed 2048K, reserved 1048576K
Event: 4.851 GC heap after
Heap after GC invocations=8 (full 1):
 PSYoungGen      total 315904K, used 19722K [0x000000076b100000, 0x000000078f980000, 0x00000007c0000000)
  eden space 236544K, 0% used [0x000000076b100000,0x000000076b100000,0x0000000779800000)
  from space 79360K, 24% used [0x0000000779800000,0x000000077ab42b68,0x000000077e580000)
  to   space 78336K, 0% used [0x000000078ad00000,0x000000078ad00000,0x000000078f980000)
 ParOldGen       total 216576K, used 99383K [0x00000006c1200000, 0x00000006ce580000, 0x000000076b100000)
  object space 216576K, 45% used [0x00000006c1200000,0x00000006c730de30,0x00000006ce580000)
 Metaspace       used 17312K, capacity 17649K, committed 17920K, reserved 1064960K
  class space    used 1933K, capacity 2012K, committed 2048K, reserved 1048576K
}
Event: 6.488 GC heap before
{Heap before GC invocations=9 (full 1):
 PSYoungGen      total 315904K, used 256266K [0x000000076b100000, 0x000000078f980000, 0x00000007c0000000)
  eden space 236544K, 100% used [0x000000076b100000,0x0000000779800000,0x0000000779800000)
  from space 79360K, 24% used [0x0000000779800000,0x000000077ab42b68,0x000000077e580000)
  to   space 78336K, 0% used [0x000000078ad00000,0x000000078ad00000,0x000000078f980000)
 ParOldGen       total 216576K, used 99383K [0x00000006c1200000, 0x00000006ce580000, 0x000000076b100000)
  object space 216576K, 45% used [0x00000006c1200000,0x00000006c730de30,0x00000006ce580000)
 Metaspace       used 17609K, capacity 17873K, committed 18176K, reserved 1064960K
  class space    used 1957K, capacity 2044K, committed 2048K, reserved 1048576K
Event: 6.504 GC heap after
Heap after GC invocations=9 (full 1):
 PSYoungGen      total 511488K, used 68726K [0x000000076b100000, 0x0000000790400000, 0x00000007c0000000)
  eden space 433152K, 0% used [0x000000076b100000,0x000000076b100000,0x0000000785800000)
  from space 78336K, 87% used [0x000000078ad00000,0x000000078f01da10,0x000000078f980000)
  to   space 87040K, 0% used [0x0000000785800000,0x0000000785800000,0x000000078ad00000)
 ParOldGen       total 216576K, used 99391K [0x00000006c1200000, 0x00000006ce580000, 0x000000076b100000)
  object space 216576K, 45% used [0x00000006c1200000,0x00000006c730fe30,0x00000006ce580000)
 Metaspace       used 17609K, capacity 17873K, committed 18176K, reserved 1064960K
  class space    used 1957K, capacity 2044K, committed 2048K, reserved 1048576K
}

Deoptimization events (10 events):
Event: 4.773 Thread 0x000000001eb78000 Uncommon trap: reason=unstable_if action=reinterpret pc=0x000000000322a0b8 method=java.lang.StringCoding$StringDecoder.decode([BII)[C @ 20
Event: 4.870 Thread 0x000000001eb78000 Uncommon trap: reason=unstable_if action=reinterpret pc=0x000000000323edf0 method=com.client.definitions.ObjectDefinition.forID(I)Lcom/client/definitions/ObjectDefinition; @ 19
Event: 4.955 Thread 0x000000001eb78000 Uncommon trap: reason=unstable_if action=reinterpret pc=0x000000000326af68 method=com.client.definitions.NpcDefinition.forID(I)Lcom/client/definitions/NpcDefinition; @ 223
Event: 6.544 Thread 0x000000001eb78000 Uncommon trap: reason=unstable_if action=reinterpret pc=0x000000000321f19c method=java.util.regex.Pattern.RemoveQEQuoting()V @ 22
Event: 6.544 Thread 0x000000001eb78000 Uncommon trap: reason=unstable_if action=reinterpret pc=0x000000000322fb7c method=java.util.regex.Pattern.atom()Ljava/util/regex/Pattern$Node; @ 354
Event: 6.544 Thread 0x000000001eb78000 Uncommon trap: reason=unstable_if action=reinterpret pc=0x00000000032380cc method=java.util.regex.Pattern.sequence(Ljava/util/regex/Pattern$Node;)Ljava/util/regex/Pattern$Node; @ 512
Event: 6.544 Thread 0x000000001eb78000 Uncommon trap: reason=class_check action=maybe_recompile pc=0x000000000322c390 method=java.util.regex.Pattern$Start.<init>(Ljava/util/regex/Pattern$Node;)V @ 22
Event: 6.544 Thread 0x000000001eb78000 Uncommon trap: reason=unstable_if action=reinterpret pc=0x0000000003230c38 method=java.util.regex.Matcher.reset()Ljava/util/regex/Matcher; @ 47
Event: 6.544 Thread 0x000000001eb78000 Uncommon trap: reason=unstable_if action=reinterpret pc=0x0000000002d1b3d8 method=java.util.regex.Matcher.reset()Ljava/util/regex/Matcher; @ 47
Event: 6.546 Thread 0x000000001eb78000 Uncommon trap: reason=unstable_if action=reinterpret pc=0x0000000003012208 method=java.util.regex.Matcher.reset()Ljava/util/regex/Matcher; @ 47

Classes redefined (0 events):
No events

Internal exceptions (10 events):
Event: 6.321 Thread 0x000000001e9b2000 Exception <a 'java/io/FileNotFoundException'> (0x0000000777cffde0) thrown at [C:\re\workspace\8-2-build-windows-amd64-cygwin\jdk8u211\12973\hotspot\src\share\vm\prims\jni.cpp, line 710]
Event: 6.321 Thread 0x000000001e95b000 Exception <a 'java/io/FileNotFoundException'> (0x0000000777d6dc08) thrown at [C:\re\workspace\8-2-build-windows-amd64-cygwin\jdk8u211\12973\hotspot\src\share\vm\prims\jni.cpp, line 710]
Event: 6.321 Thread 0x000000001e9b2000 Exception <a 'java/io/FileNotFoundException'> (0x0000000777d007d8) thrown at [C:\re\workspace\8-2-build-windows-amd64-cygwin\jdk8u211\12973\hotspot\src\share\vm\prims\jni.cpp, line 710]
Event: 6.321 Thread 0x000000001e95b000 Exception <a 'java/io/FileNotFoundException'> (0x0000000777d6e5d8) thrown at [C:\re\workspace\8-2-build-windows-amd64-cygwin\jdk8u211\12973\hotspot\src\share\vm\prims\jni.cpp, line 710]
Event: 6.321 Thread 0x000000001e9b2000 Exception <a 'java/io/FileNotFoundException'> (0x0000000777d011d0) thrown at [C:\re\workspace\8-2-build-windows-amd64-cygwin\jdk8u211\12973\hotspot\src\share\vm\prims\jni.cpp, line 710]
Event: 6.322 Thread 0x000000001e95b000 Exception <a 'java/io/FileNotFoundException'> (0x0000000777d6efa8) thrown at [C:\re\workspace\8-2-build-windows-amd64-cygwin\jdk8u211\12973\hotspot\src\share\vm\prims\jni.cpp, line 710]
Event: 6.587 Thread 0x000000001e9b2000 Exception <a 'java/io/FileNotFoundException'> (0x000000076c30e0f8) thrown at [C:\re\workspace\8-2-build-windows-amd64-cygwin\jdk8u211\12973\hotspot\src\share\vm\prims\jni.cpp, line 710]
Event: 6.587 Thread 0x000000001e95b000 Exception <a 'java/io/FileNotFoundException'> (0x000000076c46e8a0) thrown at [C:\re\workspace\8-2-build-windows-amd64-cygwin\jdk8u211\12973\hotspot\src\share\vm\prims\jni.cpp, line 710]
Event: 6.632 Thread 0x000000001e95b000 Exception <a 'java/io/FileNotFoundException'> (0x000000076c4e04c8) thrown at [C:\re\workspace\8-2-build-windows-amd64-cygwin\jdk8u211\12973\hotspot\src\share\vm\prims\jni.cpp, line 710]
Event: 6.632 Thread 0x000000001e9b2000 Exception <a 'java/io/FileNotFoundException'> (0x000000076ca13200) thrown at [C:\re\workspace\8-2-build-windows-amd64-cygwin\jdk8u211\12973\hotspot\src\share\vm\prims\jni.cpp, line 710]

Events (10 events):
Event: 7.960 Thread 0x000000001c1e3800 flushing nmethod 0x0000000003119690
Event: 7.960 Thread 0x000000001c1e3800 flushing nmethod 0x000000000311c990
Event: 7.960 Thread 0x000000001c1e3800 flushing nmethod 0x000000000311d550
Event: 7.960 Thread 0x000000001c1e3800 flushing nmethod 0x000000000311d9d0
Event: 7.960 Thread 0x000000001c1e3800 flushing nmethod 0x00000000031217d0
Event: 7.960 Thread 0x000000001c1e3800 flushing nmethod 0x000000000312d950
Event: 7.960 Thread 0x000000001c1e3800 flushing nmethod 0x0000000003132910
Event: 8.001 Thread 0x000000001c1e3800 flushing nmethod 0x00000000031578d0
Event: 8.001 Thread 0x000000001c1e3800 flushing nmethod 0x0000000003159dd0
Event: 8.001 Thread 0x000000001c1e3800 flushing nmethod 0x000000000317c790


Dynamic libraries:
0x00007ff7ad440000 - 0x00007ff7ad477000 	C:\Program Files\Java\jre1.8.0_211\bin\javaw.exe
0x00007ffe73d40000 - 0x00007ffe73f21000 	C:\WINDOWS\SYSTEM32\ntdll.dll
0x00007ffe73c50000 - 0x00007ffe73d01000 	C:\WINDOWS\System32\KERNEL32.DLL
0x00007ffe70500000 - 0x00007ffe70773000 	C:\WINDOWS\System32\KERNELBASE.dll
0x00007ffe730c0000 - 0x00007ffe73161000 	C:\WINDOWS\System32\ADVAPI32.dll
0x00007ffe73740000 - 0x00007ffe737de000 	C:\WINDOWS\System32\msvcrt.dll
0x00007ffe738b0000 - 0x00007ffe7390b000 	C:\WINDOWS\System32\sechost.dll
0x00007ffe71780000 - 0x00007ffe718a4000 	C:\WINDOWS\System32\RPCRT4.dll
0x00007ffe72d90000 - 0x00007ffe72f20000 	C:\WINDOWS\System32\USER32.dll
0x00007ffe70780000 - 0x00007ffe707a0000 	C:\WINDOWS\System32\win32u.dll
0x00007ffe73500000 - 0x00007ffe73528000 	C:\WINDOWS\System32\GDI32.dll
0x00007ffe70200000 - 0x00007ffe70391000 	C:\WINDOWS\System32\gdi32full.dll
0x00007ffe70160000 - 0x00007ffe701ff000 	C:\WINDOWS\System32\msvcp_win.dll
0x00007ffe70400000 - 0x00007ffe704f8000 	C:\WINDOWS\System32\ucrtbase.dll
0x00007ffe66590000 - 0x00007ffe667f9000 	C:\WINDOWS\WinSxS\amd64_microsoft.windows.common-controls_6595b64144ccf1df_6.0.17134.885_none_fb42a3473065565f\COMCTL32.dll
0x00007ffe73920000 - 0x00007ffe73c42000 	C:\WINDOWS\System32\combase.dll
0x00007ffe70850000 - 0x00007ffe708c9000 	C:\WINDOWS\System32\bcryptPrimitives.dll
0x00007ffe732e0000 - 0x00007ffe7330d000 	C:\WINDOWS\System32\IMM32.DLL
0x0000000059b00000 - 0x0000000059bd2000 	C:\Program Files\Java\jre1.8.0_211\bin\msvcr100.dll
0x0000000059250000 - 0x0000000059af5000 	C:\Program Files\Java\jre1.8.0_211\bin\server\jvm.dll
0x00007ffe73730000 - 0x00007ffe73738000 	C:\WINDOWS\System32\PSAPI.DLL
0x00007ffe6e110000 - 0x00007ffe6e133000 	C:\WINDOWS\SYSTEM32\WINMM.dll
0x00007ffe49b00000 - 0x00007ffe49b09000 	C:\WINDOWS\SYSTEM32\WSOCK32.dll
0x00007ffe6b7b0000 - 0x00007ffe6b7ba000 	C:\WINDOWS\SYSTEM32\VERSION.dll
0x00007ffe73490000 - 0x00007ffe734fc000 	C:\WINDOWS\System32\WS2_32.dll
0x00007ffe6e0e0000 - 0x00007ffe6e10a000 	C:\WINDOWS\SYSTEM32\winmmbase.dll
0x00007ffe70110000 - 0x00007ffe70159000 	C:\WINDOWS\System32\cfgmgr32.dll
0x00007ffe6cc60000 - 0x00007ffe6cc6f000 	C:\Program Files\Java\jre1.8.0_211\bin\verify.dll
0x00007ffe57c40000 - 0x00007ffe57c69000 	C:\Program Files\Java\jre1.8.0_211\bin\java.dll
0x00007ffe58020000 - 0x00007ffe58036000 	C:\Program Files\Java\jre1.8.0_211\bin\zip.dll
0x00007ffe718b0000 - 0x00007ffe72cf0000 	C:\WINDOWS\System32\SHELL32.dll
0x00007ffe73310000 - 0x00007ffe733b9000 	C:\WINDOWS\System32\shcore.dll
0x00007ffe708d0000 - 0x00007ffe70fdd000 	C:\WINDOWS\System32\windows.storage.dll
0x00007ffe733d0000 - 0x00007ffe73421000 	C:\WINDOWS\System32\shlwapi.dll
0x00007ffe700d0000 - 0x00007ffe700e1000 	C:\WINDOWS\System32\kernel.appcore.dll
0x00007ffe70050000 - 0x00007ffe7006f000 	C:\WINDOWS\System32\profapi.dll
0x00007ffe70070000 - 0x00007ffe700bc000 	C:\WINDOWS\System32\powrprof.dll
0x00007ffe700c0000 - 0x00007ffe700ca000 	C:\WINDOWS\System32\FLTLIB.DLL
0x00007ffe1f6a0000 - 0x00007ffe1f839000 	C:\Program Files\Java\jre1.8.0_211\bin\awt.dll
0x00007ffe737e0000 - 0x00007ffe738a2000 	C:\WINDOWS\System32\OLEAUT32.dll
0x00007ffe6e330000 - 0x00007ffe6e3bb000 	C:\WINDOWS\SYSTEM32\apphelp.dll
0x00007ffe6e730000 - 0x00007ffe6e759000 	C:\WINDOWS\system32\DWMAPI.DLL
0x00007ffe6e4e0000 - 0x00007ffe6e578000 	C:\WINDOWS\system32\uxtheme.dll
0x00007ffe56ae0000 - 0x00007ffe56c00000 	C:\WINDOWS\system32\opengl32.dll
0x00007ffe57450000 - 0x00007ffe5747c000 	C:\WINDOWS\SYSTEM32\GLU32.dll
0x00007ffe73530000 - 0x00007ffe736a3000 	C:\WINDOWS\System32\MSCTF.dll
0x00007ffe711d0000 - 0x00007ffe71321000 	C:\WINDOWS\System32\ole32.dll
0x00007ffe6a290000 - 0x00007ffe6a427000 	C:\WINDOWS\system32\d3d9.dll
0x00007ffe699c0000 - 0x00007ffe69aab000 	C:\WINDOWS\System32\DriverStore\FileRepository\nv_dispi.inf_amd64_c1a085cc86772d3f\nvldumdx.dll
0x00007ffe70fe0000 - 0x00007ffe711c2000 	C:\WINDOWS\System32\crypt32.dll
0x00007ffe700f0000 - 0x00007ffe70102000 	C:\WINDOWS\System32\MSASN1.dll
0x00007ffe703a0000 - 0x00007ffe703f7000 	C:\WINDOWS\System32\WINTRUST.DLL
0x00007ffe73260000 - 0x00007ffe7327d000 	C:\WINDOWS\System32\imagehlp.dll
0x00007ffe6fa90000 - 0x00007ffe6faa7000 	C:\WINDOWS\SYSTEM32\CRYPTSP.dll
0x00007ffe6f4c0000 - 0x00007ffe6f4f3000 	C:\WINDOWS\system32\rsaenh.dll
0x00007ffe6fbb0000 - 0x00007ffe6fbd5000 	C:\WINDOWS\SYSTEM32\bcrypt.dll
0x00007ffe6fa80000 - 0x00007ffe6fa8b000 	C:\WINDOWS\SYSTEM32\CRYPTBASE.dll
0x00007ffe287b0000 - 0x00007ffe299bd000 	C:\WINDOWS\System32\DriverStore\FileRepository\nv_dispi.inf_amd64_c1a085cc86772d3f\nvd3dumx.dll
0x00007ffe66b30000 - 0x00007ffe66c1c000 	C:\Program Files (x86)\NVIDIA Corporation\3D Vision\nvSCPAPI64.dll
0x00007ffe71330000 - 0x00007ffe7177b000 	C:\WINDOWS\System32\SETUPAPI.dll
0x00007ffe4a1f0000 - 0x00007ffe4a434000 	C:\WINDOWS\system32\nvspcap64.dll
0x00007ffe6f150000 - 0x00007ffe6f181000 	C:\WINDOWS\SYSTEM32\ntmarta.dll
0x00007ffe57430000 - 0x00007ffe5744a000 	C:\Program Files\Java\jre1.8.0_211\bin\net.dll
0x00007ffe61b10000 - 0x00007ffe61cd9000 	C:\WINDOWS\SYSTEM32\urlmon.dll
0x00007ffe63880000 - 0x00007ffe63b26000 	C:\WINDOWS\SYSTEM32\iertutil.dll
0x00007ffe6f8d0000 - 0x00007ffe6f936000 	C:\WINDOWS\system32\mswsock.dll
0x00007ffe508e0000 - 0x00007ffe508f6000 	C:\WINDOWS\system32\napinsp.dll
0x00007ffe508c0000 - 0x00007ffe508da000 	C:\WINDOWS\system32\pnrpnsp.dll
0x00007ffe6cac0000 - 0x00007ffe6cad9000 	C:\WINDOWS\system32\NLAapi.dll
0x00007ffe6f6a0000 - 0x00007ffe6f75e000 	C:\WINDOWS\SYSTEM32\DNSAPI.dll
0x00007ffe73910000 - 0x00007ffe73918000 	C:\WINDOWS\System32\NSI.dll
0x00007ffe6f660000 - 0x00007ffe6f698000 	C:\WINDOWS\SYSTEM32\IPHLPAPI.DLL
0x00007ffe5eaf0000 - 0x00007ffe5eafe000 	C:\WINDOWS\System32\winrnr.dll
0x00007ffe65dc0000 - 0x00007ffe65dca000 	C:\Windows\System32\rasadhlp.dll
0x00007ffe66130000 - 0x00007ffe661a2000 	C:\WINDOWS\System32\fwpuclnt.dll
0x00007ffe559d0000 - 0x00007ffe559f4000 	C:\Program Files\Java\jre1.8.0_211\bin\sunec.dll
0x00007ffe660c0000 - 0x00007ffe660d6000 	C:\WINDOWS\SYSTEM32\dhcpcsvc6.DLL
0x00007ffe660a0000 - 0x00007ffe660ba000 	C:\WINDOWS\SYSTEM32\dhcpcsvc.DLL
0x00007ffe57410000 - 0x00007ffe57422000 	C:\Program Files\Java\jre1.8.0_211\bin\nio.dll
0x00007ffe6ff50000 - 0x00007ffe6ff78000 	C:\WINDOWS\SYSTEM32\USERENV.dll
0x00007ffe6e290000 - 0x00007ffe6e29b000 	C:\Program Files\Java\jre1.8.0_211\bin\sunmscapi.dll
0x00007ffe56a90000 - 0x00007ffe56ad9000 	C:\Program Files\Java\jre1.8.0_211\bin\fontmanager.dll
0x00007ffe5d050000 - 0x00007ffe5d0e6000 	C:\WINDOWS\System32\TextInputFramework.dll
0x00007ffe6a520000 - 0x00007ffe6a83e000 	C:\WINDOWS\System32\CoreUIComponents.dll
0x00007ffe6e000000 - 0x00007ffe6e0da000 	C:\WINDOWS\System32\CoreMessaging.dll
0x00007ffe6c170000 - 0x00007ffe6c2bd000 	C:\WINDOWS\SYSTEM32\wintypes.dll
0x00007ffe56980000 - 0x00007ffe569c2000 	C:\Program Files\Java\jre1.8.0_211\bin\t2k.dll

VM Arguments:
jvm_args: -Dfile.encoding=Cp1252 
java_command: com.client.Client
java_class_path (initial): C:\Users\Noah\Desktop\ascendrsps-ascend-client-f03813ca50e5\out\production\ascend client;C:\Users\Noah\Desktop\ascendrsps-ascend-client-f03813ca50e5\lib\xstream-1.3.1.jar;C:\Users\Noah\Desktop\ascendrsps-ascend-client-f03813ca50e5\lib\xpp3-1.1.3.4.C.jar
Launcher Type: SUN_STANDARD

Environment Variables:
PATH=C:/Program Files/Java/jre1.8.0_211/bin/server;C:/Program Files/Java/jre1.8.0_211/bin;C:/Program Files/Java/jre1.8.0_211/lib/amd64;C:\Program Files (x86)\Razer Chroma SDK\bin;C:\Program Files\Razer Chroma SDK\bin;C:\Program Files (x86)\Common Files\Oracle\Java\javapath;C:\Program Files (x86)\Intel\Intel(R) Management Engine Components\iCLS\;C:\Program Files\Intel\Intel(R) Management Engine Components\iCLS\;C:\Windows\system32;C:\Windows;C:\Windows\System32\Wbem;C:\Windows\System32\WindowsPowerShell\v1.0\;C:\Program Files (x86)\Intel\Intel(R) Management Engine Components\DAL;C:\Program Files\Intel\Intel(R) Management Engine Components\DAL;C:\Program Files (x86)\Intel\Intel(R) Management Engine Components\IPT;C:\Program Files\Intel\Intel(R) Management Engine Components\IPT;C:\Program Files (x86)\NVIDIA Corporation\PhysX\Common;C:\WINDOWS\system32;C:\WINDOWS;C:\WINDOWS\System32\Wbem;C:\WINDOWS\System32\WindowsPowerShell\v1.0\;C:\WINDOWS\System32\OpenSSH\;C:\WINDOWS\system32\config\systemprofile\AppData\Local\Microsoft\WindowsApps;C:\Users\Noah\AppData\Local\Microsoft\WindowsApps;;D:\Downloads;
USERNAME=Noah
OS=Windows_NT
PROCESSOR_IDENTIFIER=Intel64 Family 6 Model 158 Stepping 10, GenuineIntel



---------------  S Y S T E M  ---------------

OS: Windows 10.0 , 64 bit Build 17134 (10.0.17134.753)

CPU:total 6 (initial active 6) (6 cores per cpu, 1 threads per core) family 6 model 158 stepping 10, cmov, cx8, fxsr, mmx, sse, sse2, sse3, ssse3, sse4.1, sse4.2, popcnt, avx, avx2, aes, clmul, erms, rtm, 3dnowpref, lzcnt, tsc, tscinvbit, bmi1, bmi2, adx

Memory: 4k page, physical 16700076k(638188k free), swap 47146152k(552k free)

vm_info: Java HotSpot(TM) 64-Bit Server VM (25.211-b12) for windows-amd64 JRE (1.8.0_211-b12), built on Apr  1 2019 20:53:26 by "java_re" with MS VC++ 10.0 (VS2010)

time: Wed Jul 17 21:20:36 2019
timezone: Pacific Daylight Time
elapsed time: 8 seconds (0d 0h 0m 8s)

